Determining if the pthread_create exist failed with the following output:
Change Dir: /home/Dieu/Desktop/Work/BMTech/Linux/yaml-cpp/build/CMakeFiles/CMakeTmp

Run Build Command:/usr/bin/gmake "cmTryCompileExec1065987437/fast"
/usr/bin/gmake -f CMakeFiles/cmTryCompileExec1065987437.dir/build.make CMakeFiles/cmTryCompileExec1065987437.dir/build
gmake[1] : on entre dans le répertoire « /home/Dieu/Desktop/Work/BMTech/Linux/yaml-cpp/build/CMakeFiles/CMakeTmp »
/usr/bin/cmake -E cmake_progress_report /home/Dieu/Desktop/Work/BMTech/Linux/yaml-cpp/build/CMakeFiles/CMakeTmp/CMakeFiles 1
Building C object CMakeFiles/cmTryCompileExec1065987437.dir/CheckSymbolExists.c.o
/usr/bin/cc    -o CMakeFiles/cmTryCompileExec1065987437.dir/CheckSymbolExists.c.o   -c /home/Dieu/Desktop/Work/BMTech/Linux/yaml-cpp/build/CMakeFiles/CMakeTmp/CheckSymbolExists.c
Linking C executable cmTryCompileExec1065987437
/usr/bin/cmake -E cmake_link_script CMakeFiles/cmTryCompileExec1065987437.dir/link.txt --verbose=1
/usr/bin/cc         CMakeFiles/cmTryCompileExec1065987437.dir/CheckSymbolExists.c.o  -o cmTryCompileExec1065987437 -rdynamic 
CMakeFiles/cmTryCompileExec1065987437.dir/CheckSymbolExists.c.o: dans la fonction « main »:
CheckSymbolExists.c:(.text+0x16): référence indéfinie vers « pthread_create »
collect2: error: ld returned 1 exit status
gmake[1]: *** [cmTryCompileExec1065987437] Erreur 1
gmake[1] : on quitte le répertoire « /home/Dieu/Desktop/Work/BMTech/Linux/yaml-cpp/build/CMakeFiles/CMakeTmp »
gmake: *** [cmTryCompileExec1065987437/fast] Erreur 2

File /home/Dieu/Desktop/Work/BMTech/Linux/yaml-cpp/build/CMakeFiles/CMakeTmp/CheckSymbolExists.c:
/* */
#include <pthread.h>

int main(int argc, char** argv)
{
  (void)argv;
#ifndef pthread_create
  return ((int*)(&pthread_create))[argc];
#else
  (void)argc;
  return 0;
#endif
}

Determining if the function pthread_create exists in the pthreads failed with the following output:
Change Dir: /home/Dieu/Desktop/Work/BMTech/Linux/yaml-cpp/build/CMakeFiles/CMakeTmp

Run Build Command:/usr/bin/gmake "cmTryCompileExec3516246889/fast"
/usr/bin/gmake -f CMakeFiles/cmTryCompileExec3516246889.dir/build.make CMakeFiles/cmTryCompileExec3516246889.dir/build
gmake[1] : on entre dans le répertoire « /home/Dieu/Desktop/Work/BMTech/Linux/yaml-cpp/build/CMakeFiles/CMakeTmp »
/usr/bin/cmake -E cmake_progress_report /home/Dieu/Desktop/Work/BMTech/Linux/yaml-cpp/build/CMakeFiles/CMakeTmp/CMakeFiles 1
Building C object CMakeFiles/cmTryCompileExec3516246889.dir/CheckFunctionExists.c.o
/usr/bin/cc   -DCHECK_FUNCTION_EXISTS=pthread_create   -o CMakeFiles/cmTryCompileExec3516246889.dir/CheckFunctionExists.c.o   -c /usr/share/cmake/Modules/CheckFunctionExists.c
Linking C executable cmTryCompileExec3516246889
/usr/bin/cmake -E cmake_link_script CMakeFiles/cmTryCompileExec3516246889.dir/link.txt --verbose=1
/usr/bin/cc     -DCHECK_FUNCTION_EXISTS=pthread_create    CMakeFiles/cmTryCompileExec3516246889.dir/CheckFunctionExists.c.o  -o cmTryCompileExec3516246889 -rdynamic -lpthreads 
/usr/lib64/gcc/x86_64-suse-linux/4.8/../../../../x86_64-suse-linux/bin/ld: ne peut trouver -lpthreads
collect2: error: ld returned 1 exit status
gmake[1]: *** [cmTryCompileExec3516246889] Erreur 1
gmake[1] : on quitte le répertoire « /home/Dieu/Desktop/Work/BMTech/Linux/yaml-cpp/build/CMakeFiles/CMakeTmp »
gmake: *** [cmTryCompileExec3516246889/fast] Erreur 2


